<?xml version="1.0" encoding="UTF-8"?>
<!-- Generated by org.testng.reporters.JUnitReportReporter -->
<testsuite hostname="DESKTOP-HN9J744" failures="0" tests="1" name="magento.myclasselab" time="0.549" errors="0" timestamp="2023-10-23T01:50:53 PDT" skipped="0">
  <testcase classname="magento.myclasselab" name="myTest" time="0.549"/>
  <system-out/>
</testsuite> <!-- magento.myclasselab -->
